[2023-06-2122:33:20] [ INFO ] [PacienteController:26] Registrando paciente...
[2023-06-2122:38:29] [ INFO ] [PacienteController:26] Registrando paciente...
[2023-06-2122:38:29] [ INFO ] [PacienteController:30] El paciente fue registrado con éxito
[2023-06-2122:38:35] [ INFO ] [PacienteController:48] Buscando paciente...
[2023-06-2122:38:35] [ INFO ] [PacienteController:52] Paciente encontrado!
[2023-06-2122:38:43] [ INFO ] [PacienteController:42] Listando pacientes...
[2023-06-2122:38:51] [ INFO ] [PacienteController:87] Paciente eliminado
[2023-06-2122:39:21] [ INFO ] [PacienteController:48] Buscando paciente...
[2023-06-2122:39:21] [ ERROR] [GlobalExceptionHandler:18] Cannot invoke "java.util.Optional.isPresent()" because "paciente" is null
[2023-06-2122:41:00] [ INFO ] [PacienteController:26] Registrando paciente...
[2023-06-2122:41:00] [ INFO ] [PacienteController:30] El paciente fue registrado con éxito
[2023-06-2122:41:05] [ INFO ] [PacienteController:48] Buscando paciente...
[2023-06-2122:41:05] [ INFO ] [PacienteController:52] Paciente encontrado!
[2023-06-2122:41:12] [ INFO ] [PacienteController:48] Buscando paciente...
[2023-06-2122:41:12] [ ERROR] [GlobalExceptionHandler:18] Cannot invoke "java.util.Optional.isPresent()" because "paciente" is null
[2023-06-2521:29:15] [ INFO ] [TurnoController:44] Listando turnos...
[2023-06-2521:29:50] [ INFO ] [PacienteController:26] Registrando paciente...
[2023-06-2521:29:50] [ INFO ] [PacienteController:30] El paciente fue registrado con éxito
[2023-06-2521:30:01] [ INFO ] [OdontologoController:28] Registrando odontologo...
[2023-06-2521:30:01] [ INFO ] [OdontologoController:32] El odontologo fue registrado con éxito
[2023-06-2521:30:15] [ INFO ] [TurnoController:28] Registrando turno...
[2023-06-2521:30:15] [ INFO ] [TurnoController:32] Turno registrado con exito
[2023-06-2521:30:19] [ INFO ] [TurnoController:44] Listando turnos...
[2023-06-2521:30:24] [ INFO ] [TurnoController:84] Turno eliminado
[2023-06-2521:30:24] [ INFO ] [TurnoController:44] Listando turnos...
[2023-06-2521:31:12] [ INFO ] [PacienteController:26] Registrando paciente...
[2023-06-2521:31:13] [ INFO ] [PacienteController:30] El paciente fue registrado con éxito
[2023-06-2521:31:24] [ INFO ] [OdontologoController:28] Registrando odontologo...
[2023-06-2521:31:24] [ INFO ] [OdontologoController:32] El odontologo fue registrado con éxito
[2023-06-2521:31:28] [ INFO ] [OdontologoController:44] Listando odontologos...
[2023-06-2521:31:39] [ INFO ] [TurnoController:28] Registrando turno...
[2023-06-2521:31:39] [ INFO ] [TurnoController:32] Turno registrado con exito
[2023-06-2521:31:43] [ INFO ] [TurnoController:44] Listando turnos...
[2023-06-2521:31:48] [ INFO ] [TurnoController:84] Turno eliminado
[2023-06-2521:31:48] [ INFO ] [TurnoController:44] Listando turnos...
[2023-06-2521:32:45] [ INFO ] [TurnoController:44] Listando turnos...
[2023-06-2521:33:00] [ INFO ] [TurnoController:28] Registrando turno...
[2023-06-2521:33:00] [ ERROR] [GlobalExceptionHandler:18] org.hibernate.TransientPropertyValueException: Not-null property references a transient value - transient instance must be saved before current operation : com.example.FinalIntegradorBackEnd.entities.Turno.paciente -> com.example.FinalIntegradorBackEnd.entities.Paciente
[2023-06-2521:33:03] [ INFO ] [TurnoController:44] Listando turnos...
[2023-06-2521:33:09] [ INFO ] [TurnoController:28] Registrando turno...
[2023-06-2521:33:09] [ ERROR] [GlobalExceptionHandler:18] org.hibernate.TransientPropertyValueException: Not-null property references a transient value - transient instance must be saved before current operation : com.example.FinalIntegradorBackEnd.entities.Turno.odontologo -> com.example.FinalIntegradorBackEnd.entities.Odontologo
[2023-06-2521:33:11] [ INFO ] [TurnoController:44] Listando turnos...
[2023-06-2723:22:10] [ INFO ] [PacienteController:26] Registrando paciente...
[2023-06-2723:22:10] [ INFO ] [PacienteController:30] El paciente fue registrado con éxito
[2023-06-2723:22:15] [ INFO ] [PacienteController:42] Listando pacientes...
[2023-06-2723:22:26] [ INFO ] [OdontologoController:28] Registrando odontologo...
[2023-06-2723:22:26] [ INFO ] [OdontologoController:32] El odontologo fue registrado con éxito
[2023-06-2723:22:31] [ INFO ] [OdontologoController:44] Listando odontologos...
[2023-06-2723:22:36] [ INFO ] [PacienteController:42] Listando pacientes...
[2023-06-2723:22:46] [ INFO ] [TurnoController:28] Registrando turno...
[2023-06-2723:22:46] [ INFO ] [TurnoController:32] Turno registrado con exito
[2023-06-2723:22:51] [ INFO ] [TurnoController:44] Listando turnos...
[2023-06-2723:22:56] [ INFO ] [TurnoController:84] Turno eliminado
[2023-06-2723:22:56] [ INFO ] [TurnoController:44] Listando turnos...
[2023-06-2723:31:45] [ INFO ] [TurnoController:28] Registrando turno...
[2023-06-2723:31:45] [ ERROR] [GlobalExceptionHandler:18] org.hibernate.TransientPropertyValueException: Not-null property references a transient value - transient instance must be saved before current operation : com.example.FinalIntegradorBackEnd.entities.Turno.paciente -> com.example.FinalIntegradorBackEnd.entities.Paciente
[2023-06-2723:31:48] [ INFO ] [TurnoController:44] Listando turnos...
[2023-06-2723:32:55] [ INFO ] [TurnoController:28] Registrando turno...
[2023-06-2723:32:55] [ ERROR] [GlobalExceptionHandler:18] could not execute statement [Violación de una restricción de Integridad Referencial: "FKE6NBFHWYMISXJA2FVDUNYRTB: PUBLIC.TURNO FOREIGN KEY(ODONTOLOGO_ID) REFERENCES PUBLIC.ODONTOLOGO(ID) (1)"
Referential integrity constraint violation: "FKE6NBFHWYMISXJA2FVDUNYRTB: PUBLIC.TURNO FOREIGN KEY(ODONTOLOGO_ID) REFERENCES PUBLIC.ODONTOLOGO(ID) (1)"; SQL statement:
insert into turno (fecha_hora,odontologo_id,paciente_id,id) values (?,?,?,?) [23506-214]] [insert into turno (fecha_hora,odontologo_id,paciente_id,id) values (?,?,?,?)]; SQL [insert into turno (fecha_hora,odontologo_id,paciente_id,id) values (?,?,?,?)]; constraint [FKE6NBFHWYMISXJA2FVDUNYRTB]
[2023-06-2723:33:28] [ INFO ] [PacienteController:26] Registrando paciente...
[2023-06-2723:33:28] [ INFO ] [PacienteController:30] El paciente fue registrado con éxito
[2023-06-2723:33:39] [ INFO ] [OdontologoController:28] Registrando odontologo...
[2023-06-2723:33:39] [ INFO ] [OdontologoController:32] El odontologo fue registrado con éxito
[2023-06-2723:34:00] [ INFO ] [TurnoController:28] Registrando turno...
[2023-06-2723:34:00] [ INFO ] [TurnoController:32] Turno registrado con exito
[2023-06-2723:36:36] [ INFO ] [TurnoController:28] Registrando turno...
[2023-06-2723:36:36] [ ERROR] [GlobalExceptionHandler:18] org.hibernate.TransientPropertyValueException: Not-null property references a transient value - transient instance must be saved before current operation : com.example.FinalIntegradorBackEnd.entities.Turno.paciente -> com.example.FinalIntegradorBackEnd.entities.Paciente
[2023-06-2723:37:09] [ INFO ] [TurnoController:28] Registrando turno...
[2023-06-2723:37:09] [ ERROR] [GlobalExceptionHandler:18] could not execute statement [Violación de una restricción de Integridad Referencial: "FKE6NBFHWYMISXJA2FVDUNYRTB: PUBLIC.TURNO FOREIGN KEY(ODONTOLOGO_ID) REFERENCES PUBLIC.ODONTOLOGO(ID) (1)"
Referential integrity constraint violation: "FKE6NBFHWYMISXJA2FVDUNYRTB: PUBLIC.TURNO FOREIGN KEY(ODONTOLOGO_ID) REFERENCES PUBLIC.ODONTOLOGO(ID) (1)"; SQL statement:
insert into turno (fecha_hora,odontologo_id,paciente_id,id) values (?,?,?,?) [23506-214]] [insert into turno (fecha_hora,odontologo_id,paciente_id,id) values (?,?,?,?)]; SQL [insert into turno (fecha_hora,odontologo_id,paciente_id,id) values (?,?,?,?)]; constraint [FKE6NBFHWYMISXJA2FVDUNYRTB]
[2023-06-2723:37:17] [ INFO ] [TurnoController:44] Listando turnos...
[2023-06-2723:37:45] [ INFO ] [PacienteController:26] Registrando paciente...
[2023-06-2723:37:45] [ INFO ] [PacienteController:30] El paciente fue registrado con éxito
[2023-06-2723:38:02] [ INFO ] [OdontologoController:28] Registrando odontologo...
[2023-06-2723:38:02] [ INFO ] [OdontologoController:32] El odontologo fue registrado con éxito
[2023-06-2723:38:10] [ INFO ] [TurnoController:28] Registrando turno...
[2023-06-2723:38:10] [ INFO ] [TurnoController:32] Turno registrado con exito
[2023-06-2723:38:32] [ INFO ] [TurnoController:28] Registrando turno...
[2023-06-2723:38:32] [ INFO ] [TurnoController:32] Turno registrado con exito
[2023-06-2723:38:37] [ INFO ] [TurnoController:44] Listando turnos...
[2023-06-2723:38:46] [ INFO ] [TurnoController:84] Turno eliminado
[2023-06-2723:38:46] [ INFO ] [TurnoController:44] Listando turnos...
[2023-06-2723:38:51] [ INFO ] [TurnoController:84] Turno eliminado
[2023-06-2723:38:51] [ INFO ] [TurnoController:44] Listando turnos...
[2023-07-0219:11:20] [ INFO ] [PacienteController:26] Registrando paciente...
[2023-07-0219:11:20] [ INFO ] [PacienteController:30] El paciente fue registrado con éxito
[2023-07-0219:11:24] [ INFO ] [PacienteController:42] Listando pacientes...
[2023-07-0219:11:44] [ INFO ] [PacienteController:72] Paciente modificado con exito
[2023-07-0219:11:47] [ INFO ] [PacienteController:42] Listando pacientes...
[2023-07-0219:11:53] [ INFO ] [PacienteController:87] Paciente eliminado
[2023-07-0219:11:53] [ INFO ] [PacienteController:42] Listando pacientes...
[2023-07-0219:12:05] [ INFO ] [OdontologoController:28] Registrando odontologo...
[2023-07-0219:12:05] [ INFO ] [OdontologoController:32] El odontologo fue registrado con éxito
[2023-07-0219:12:10] [ INFO ] [OdontologoController:44] Listando odontologos...
[2023-07-0219:12:24] [ INFO ] [OdontologoController:77] Odontologo modificado con exito
[2023-07-0219:12:27] [ INFO ] [OdontologoController:44] Listando odontologos...
[2023-07-0219:12:41] [ INFO ] [TurnoController:28] Registrando turno...
[2023-07-0219:12:41] [ ERROR] [GlobalExceptionHandler:18] could not execute statement [Violación de una restricción de Integridad Referencial: "FKQHWVSF9BQSFMLHD0NURYNVWSD: PUBLIC.TURNO FOREIGN KEY(PACIENTE_ID) REFERENCES PUBLIC.PACIENTE(ID) (1)"
Referential integrity constraint violation: "FKQHWVSF9BQSFMLHD0NURYNVWSD: PUBLIC.TURNO FOREIGN KEY(PACIENTE_ID) REFERENCES PUBLIC.PACIENTE(ID) (1)"; SQL statement:
insert into turno (fecha_hora,odontologo_id,paciente_id,id) values (?,?,?,?) [23506-214]] [insert into turno (fecha_hora,odontologo_id,paciente_id,id) values (?,?,?,?)]; SQL [insert into turno (fecha_hora,odontologo_id,paciente_id,id) values (?,?,?,?)]; constraint [FKQHWVSF9BQSFMLHD0NURYNVWSD]
[2023-07-0219:12:44] [ INFO ] [TurnoController:44] Listando turnos...
[2023-07-0219:14:30] [ INFO ] [OdontologoController:44] Listando odontologos...
[2023-07-0219:20:59] [ ERROR] [GlobalExceptionHandler:18] Failed to convert value of type 'java.lang.String' to required type 'java.lang.Integer'; For input string: "registrar"
